[22:26:15] [main/INFO]: ModLauncher running: args [--username, Danoskyx, --version, neoforge-21.1.221, --gameDir, C:\Users\willi\curseforge\minecraft\Instances\Minecraft RPG, --assetsDir, C:\Users\willi\curseforge\minecraft\Install\assets, --assetIndex, 17, --uuid, 323f946f19f64b67a7bd243e3382edf7, --accessToken, ❄❄❄❄❄❄❄❄, --clientId, 57af83-358847-b2c965-c20802-fca6f5, --xuid, 2535411024320696, --userType, msa, --versionType, release, --width, 1024, --height, 768, --quickPlayPath, C:\Users\willi\curseforge\minecraft\Quickplay\5b4e897c-fca7-4da7-bae0-ace4488b0a9f.json, , , , --fml.neoForgeVersion, 21.1.221, --fml.fmlVersion, 4.0.42, --fml.mcVersion, 1.21.1, --fml.neoFormVersion, 20240808.144430, --launchTarget, forgeclient]
[22:26:15] [main/INFO]: JVM identified as Eclipse Adoptium OpenJDK 64-Bit Server VM 21.0.10+7-LTS
[22:26:15] [main/INFO]: ModLauncher 11.0.5+main.901c6ea8 starting: java version 21.0.10 by Eclipse Adoptium; OS Windows 11 arch amd64 version 10.0
[22:26:16] [main/INFO]: Loading ImmediateWindowProvider fmlearlywindow
[22:26:16] [main/INFO]: Trying GL version 4.6
[22:26:16] [main/INFO]: Requested GL version 4.6 got version 4.6
[22:26:16] [main/INFO]: SpongePowered MIXIN Subsystem Version=0.8.7 Source=union:/C:/Users/willi/curseforge/minecraft/Install/libraries/net/fabricmc/sponge-mixin/0.15.2+mixin.0.8.7/sponge-mixin-0.15.2+mixin.0.8.7.jar%23121!/ Service=ModLauncher Env=CLIENT
[22:26:16] [main/INFO]: Found mod file "client-1.21.1-20240808.144430-srg.jar" [locator: production client provider +net.neoforged:neoforge:21.1.221:client]
[22:26:16] [pool-2-thread-1/INFO]: GL info: NVIDIA GeForce GTX 1080/PCIe/SSE2 GL version 4.6.0 NVIDIA 582.28, NVIDIA Corporation
[22:26:16] [main/INFO]: Found mod file "neoforge-21.1.221-universal.jar" [locator: PathBasedLocator[name=neoforge, paths=[C:\Users\willi\curseforge\minecraft\Install\libraries\net\neoforged\neoforge\21.1.221\neoforge-21.1.221-universal.jar]], reader: mod manifest]
[22:26:16] [main/INFO]: Found mod file "iris-neoforge-1.8.12+mc1.21.1.jar" [locator: {mods folder locator at C:\Users\willi\curseforge\minecraft\Instances\Minecraft RPG\mods}, reader: mod manifest]
[22:26:16] [main/INFO]: Found mod file "sodium-neoforge-0.6.13+mc1.21.1.jar" [locator: {mods folder locator at C:\Users\willi\curseforge\minecraft\Instances\Minecraft RPG\mods}, reader: mod manifest]
[22:26:17] [main/INFO]: Found 9 dependencies adding them to mods collection
[22:26:17] [main/INFO]: Found mod file "fabric-rendering-data-attachment-v1-0.3.48+73761d2e19.jar" [parent: iris-neoforge-1.8.12+mc1.21.1.jar, locator: jarinjar, reader: mod manifest]
[22:26:17] [main/INFO]: Found gamelibrary file "mixinextras-neoforge-0.5.3.jar" [parent: neoforge-21.1.221-universal.jar, locator: jarinjar, reader: mod manifest]
[22:26:17] [main/INFO]: Found library file "jcpp-1.4.14.jar" [parent: iris-neoforge-1.8.12+mc1.21.1.jar, locator: jarinjar]
[22:26:17] [main/INFO]: Found mod file "fabric-renderer-api-v1-3.4.0+acb05a3919.jar" [parent: iris-neoforge-1.8.12+mc1.21.1.jar, locator: jarinjar, reader: mod manifest]
[22:26:17] [main/INFO]: Found mod file "fabric-api-base-0.4.42+d1308ded19.jar" [parent: iris-neoforge-1.8.12+mc1.21.1.jar, locator: jarinjar, reader: mod manifest]
[22:26:17] [main/INFO]: Found library file "net.caffeinemc.sodium-neoforge-0.6.13+mc1.21.1-service.jar" [parent: sodium-neoforge-0.6.13+mc1.21.1.jar, locator: jarinjar, reader: mod manifest]
[22:26:17] [main/INFO]: Found library file "net.neoforged.neoforge-coremods-21.1.221.jar" [parent: neoforge-21.1.221-universal.jar, locator: jarinjar, reader: mod manifest]
[22:26:17] [main/INFO]: Found mod file "fabric-block-view-api-v2-1.0.10+9afaaf8c19.jar" [parent: iris-neoforge-1.8.12+mc1.21.1.jar, locator: jarinjar, reader: mod manifest]
[22:26:17] [main/INFO]: Found library file "glsl-transformer-2.0.1.jar" [parent: iris-neoforge-1.8.12+mc1.21.1.jar, locator: jarinjar]
[22:26:17] [main/INFO]: 
     Mod List:
		Name Version (Mod Id)

		Forgified Fabric API Base 0.4.42+d1308ded19 (fabric_api_base)
		Forgified Fabric BlockView API (v2) 1.0.10+9afaaf8c19 (fabric_block_view_api_v2)
		Forgified Fabric Renderer API (v1) 3.4.0+acb05a3919 (fabric_renderer_api_v1)
		Forgified Fabric Rendering Data Attachment (v1) 0.3.48+73761d2e19 (fabric_rendering_data_attachment_v1)
		Iris 1.8.12-snapshot+mc1.21.1-local (iris)
		Minecraft 1.21.1 (minecraft)
		NeoForge 21.1.221 (neoforge)
		Sodium 0.6.13+mc1.21.1 (sodium)
[22:26:17] [main/INFO]: Compatibility level set to JAVA_17
[22:26:17] [main/INFO]: Compatibility level set to JAVA_21
[22:26:17] [main/INFO]: Launching target 'forgeclient' with arguments [--version, neoforge-21.1.221, --gameDir, C:\Users\willi\curseforge\minecraft\Instances\Minecraft RPG, --assetsDir, C:\Users\willi\curseforge\minecraft\Install\assets, --uuid, 323f946f19f64b67a7bd243e3382edf7, --username, Danoskyx, --assetIndex, 17, --accessToken, ❄❄❄❄❄❄❄❄, --clientId, 57af83-358847-b2c965-c20802-fca6f5, --xuid, 2535411024320696, --userType, msa, --versionType, release, --width, 1024, --height, 768, --quickPlayPath, C:\Users\willi\curseforge\minecraft\Quickplay\5b4e897c-fca7-4da7-bae0-ace4488b0a9f.json, , , ]
[22:26:17] [main/INFO]: Loaded configuration file for Sodium: 43 options available, 1 override(s) found
[22:26:17] [main/WARN]: Reference map 'iris.refmap.json' for mixins.iris.json could not be read. If this is a development environment you can ignore this message
[22:26:17] [main/WARN]: Reference map 'iris.refmap.json' for mixins.iris.fantastic.json could not be read. If this is a development environment you can ignore this message
[22:26:17] [main/WARN]: Reference map 'iris.refmap.json' for mixins.iris.vertexformat.json could not be read. If this is a development environment you can ignore this message
[22:26:17] [main/WARN]: Reference map 'iris.refmap.json' for iris-batched-entity-rendering.mixins.json could not be read. If this is a development environment you can ignore this message
[22:26:17] [main/WARN]: Reference map 'iris.refmap.json' for mixins.iris.compat.sodium.json could not be read. If this is a development environment you can ignore this message
[22:26:17] [main/WARN]: Force-disabling mixin 'features.render.world.sky.FogRendererMixin' as rule 'mixin.features.render.world.sky' (added by mods [iris]) disables it and children
[22:26:17] [main/WARN]: Force-disabling mixin 'features.render.world.sky.ClientLevelMixin' as rule 'mixin.features.render.world.sky' (added by mods [iris]) disables it and children
[22:26:17] [main/WARN]: Force-disabling mixin 'features.render.world.sky.LevelRendererMixin' as rule 'mixin.features.render.world.sky' (added by mods [iris]) disables it and children
[22:26:18] [main/WARN]: Error loading class: com/portingdeadmods/cable_facades/events/GameClientEvents$2 (java.lang.ClassNotFoundException: com.portingdeadmods.cable_facades.events.GameClientEvents$2)
[22:26:18] [main/WARN]: Error loading class: com/direwolf20/justdirethings/client/renderers/OurRenderTypes (java.lang.ClassNotFoundException: com.direwolf20.justdirethings.client.renderers.OurRenderTypes)
[22:26:18] [main/WARN]: Error loading class: mekanism/client/render/entity/RenderFlame (java.lang.ClassNotFoundException: mekanism.client.render.entity.RenderFlame)
[22:26:18] [main/WARN]: Error loading class: mekanism/client/render/armor/MekaSuitArmor (java.lang.ClassNotFoundException: mekanism.client.render.armor.MekaSuitArmor)
[22:26:18] [main/WARN]: Error loading class: mekanism/client/render/lib/effect/BillboardingEffectRenderer (java.lang.ClassNotFoundException: mekanism.client.render.lib.effect.BillboardingEffectRenderer)
[22:26:18] [main/WARN]: Error loading class: blusunrize/immersiveengineering/client/utils/IEGLShaders (java.lang.ClassNotFoundException: blusunrize.immersiveengineering.client.utils.IEGLShaders)
[22:26:18] [main/INFO]: Initializing MixinExtras via com.llamalad7.mixinextras.service.MixinExtrasServiceImpl(version=0.5.3).
[25Mar2026 22:26:21.208] [Datafixer Bootstrap/INFO] [com.mojang.datafixers.DataFixerBuilder/]: 229 Datafixer optimizations took 1478 milliseconds
[25Mar2026 22:26:25.990] [main/INFO] [net.minecraft.client.main.Main/]: Completely ignored arguments: [, , ]
[25Mar2026 22:26:26.262] [Render thread/WARN] [net.minecraft.server.packs.VanillaPackResourcesBuilder/]: Assets URL 'union:/C:/Users/willi/curseforge/minecraft/Install/libraries/net/minecraft/client/1.21.1-20240808.144430/client-1.21.1-20240808.144430-srg.jar%23190!/assets/.mcassetsroot' uses unexpected schema
[25Mar2026 22:26:26.262] [Render thread/WARN] [net.minecraft.server.packs.VanillaPackResourcesBuilder/]: Assets URL 'union:/C:/Users/willi/curseforge/minecraft/Install/libraries/net/minecraft/client/1.21.1-20240808.144430/client-1.21.1-20240808.144430-srg.jar%23190!/data/.mcassetsroot' uses unexpected schema
[25Mar2026 22:26:26.289] [Render thread/INFO] [com.mojang.authlib.yggdrasil.YggdrasilAuthenticationService/]: Environment: Environment[sessionHost=https://sessionserver.mojang.com, servicesHost=https://api.minecraftservices.com, name=PROD]
[25Mar2026 22:26:26.303] [Render thread/INFO] [net.minecraft.client.Minecraft/]: Setting user: Danoskyx
[25Mar2026 22:26:26.452] [Render thread/INFO] [net.minecraft.client.Minecraft/]: Backend library: LWJGL version 3.3.3+5
[25Mar2026 22:26:26.524] [Render thread/INFO] [com.mojang.blaze3d.platform.Window/]: OpenGL Vendor: NVIDIA Corporation
[25Mar2026 22:26:26.524] [Render thread/INFO] [com.mojang.blaze3d.platform.Window/]: OpenGL Renderer: NVIDIA GeForce GTX 1080/PCIe/SSE2
[25Mar2026 22:26:26.524] [Render thread/INFO] [com.mojang.blaze3d.platform.Window/]: OpenGL Version: 4.6.0 NVIDIA 582.28
[25Mar2026 22:26:26.537] [Render thread/INFO] [Sodium-NvidiaWorkarounds/]: Modifying OpenGL context to apply workarounds for the NVIDIA graphics driver...
[25Mar2026 22:26:26.783] [Render thread/INFO] [Iris/]: Debug functionality is disabled.
[25Mar2026 22:26:26.787] [Render thread/INFO] [Iris/]: OpenGL 4.5 detected, enabling DSA.
[25Mar2026 22:26:26.960] [Render thread/INFO] [Iris/]: Profile: HIGH (+0 options changed by user)
[25Mar2026 22:26:27.084] [Render thread/INFO] [Iris/]: Using shaderpack: pumpkin-shaders-1.1.zip
[25Mar2026 22:26:27.230] [modloading-worker-0/INFO] [net.neoforged.neoforge.common.NeoForgeMod/NEOFORGE-MOD]: NeoForge mod loading, version 21.1.221, for MC 1.21.1
[25Mar2026 22:26:27.358] [ForkJoinPool.commonPool-worker-3/WARN] [Iris/]: [Iris Update Check] This version doesn't have an update index, skipping.
[25Mar2026 22:26:28.557] [Render thread/INFO] [Iris/]: Hardware information:
[25Mar2026 22:26:28.558] [Render thread/INFO] [Iris/]: CPU: 6x Intel(R) Core(TM) i5-9400F CPU @ 2.90GHz
[25Mar2026 22:26:28.558] [Render thread/INFO] [Iris/]: GPU: NVIDIA GeForce GTX 1080/PCIe/SSE2 (Supports OpenGL 4.6.0 NVIDIA 582.28)
[25Mar2026 22:26:28.558] [Render thread/INFO] [Iris/]: OS: Windows 11 (10.0)
[25Mar2026 22:26:28.970] [Render thread/INFO] [net.minecraft.server.packs.resources.ReloadableResourceManager/]: Reloading ResourceManager: vanilla, mod_resources, mod/sodium, mod/fabric_rendering_data_attachment_v1, mod/iris, mod/fabric_renderer_api_v1, mod/fabric_api_base, mod/neoforge, mod/fabric_block_view_api_v2
[25Mar2026 22:26:29.100] [Worker-Main-5/INFO] [net.minecraft.client.gui.font.providers.UnihexProvider/]: Found unifont_all_no_pua-15.1.05.hex, loading
[25Mar2026 22:26:29.684] [Worker-Main-3/INFO] [net.minecraft.client.gui.font.providers.UnihexProvider/]: Found unifont_jp_patch-15.1.05.hex, loading
[25Mar2026 22:26:30.969] [Render thread/WARN] [net.minecraft.client.sounds.SoundEngine/]: Missing sound for event: minecraft:item.goat_horn.play
[25Mar2026 22:26:30.969] [Render thread/WARN] [net.minecraft.client.sounds.SoundEngine/]: Missing sound for event: minecraft:entity.goat.screaming.horn_break
[25Mar2026 22:26:31.163] [Render thread/INFO] [com.mojang.blaze3d.audio.Library/]: OpenAL initialized on device OpenAL Soft on Altavoces (Realtek High Definition Audio)
[25Mar2026 22:26:31.163] [Render thread/INFO] [net.minecraft.client.sounds.SoundEngine/SOUNDS]: Sound engine started
[25Mar2026 22:26:31.290] [Render thread/INFO] [net.minecraft.client.renderer.texture.TextureAtlas/]: Created: 1024x512x4 minecraft:textures/atlas/blocks.png-atlas
[25Mar2026 22:26:31.315] [Render thread/INFO] [net.minecraft.client.renderer.texture.TextureAtlas/]: Created: 256x256x4 minecraft:textures/atlas/signs.png-atlas
[25Mar2026 22:26:31.316] [Render thread/INFO] [net.minecraft.client.renderer.texture.TextureAtlas/]: Created: 512x512x4 minecraft:textures/atlas/shield_patterns.png-atlas
[25Mar2026 22:26:31.317] [Render thread/INFO] [net.minecraft.client.renderer.texture.TextureAtlas/]: Created: 512x512x4 minecraft:textures/atlas/banner_patterns.png-atlas
[25Mar2026 22:26:31.318] [Render thread/INFO] [net.minecraft.client.renderer.texture.TextureAtlas/]: Created: 1024x1024x4 minecraft:textures/atlas/armor_trims.png-atlas
[25Mar2026 22:26:31.323] [Render thread/INFO] [net.minecraft.client.renderer.texture.TextureAtlas/]: Created: 128x64x4 minecraft:textures/atlas/decorated_pot.png-atlas
[25Mar2026 22:26:31.324] [Render thread/INFO] [net.minecraft.client.renderer.texture.TextureAtlas/]: Created: 256x256x4 minecraft:textures/atlas/chest.png-atlas
[25Mar2026 22:26:31.324] [Render thread/INFO] [net.minecraft.client.renderer.texture.TextureAtlas/]: Created: 512x256x4 minecraft:textures/atlas/beds.png-atlas
[25Mar2026 22:26:31.324] [Render thread/INFO] [net.minecraft.client.renderer.texture.TextureAtlas/]: Created: 512x256x4 minecraft:textures/atlas/shulker_boxes.png-atlas
[25Mar2026 22:26:31.598] [Render thread/INFO] [net.minecraft.client.renderer.texture.TextureAtlas/]: Created: 512x256x0 minecraft:textures/atlas/particles.png-atlas
[25Mar2026 22:26:31.599] [Render thread/INFO] [net.minecraft.client.renderer.texture.TextureAtlas/]: Created: 512x256x0 minecraft:textures/atlas/paintings.png-atlas
[25Mar2026 22:26:31.600] [Render thread/INFO] [net.minecraft.client.renderer.texture.TextureAtlas/]: Created: 256x128x0 minecraft:textures/atlas/mob_effects.png-atlas
[25Mar2026 22:26:31.600] [Render thread/INFO] [net.minecraft.client.renderer.texture.TextureAtlas/]: Created: 64x64x0 minecraft:textures/atlas/map_decorations.png-atlas
[25Mar2026 22:26:31.601] [Render thread/INFO] [net.minecraft.client.renderer.texture.TextureAtlas/]: Created: 1024x512x0 minecraft:textures/atlas/gui.png-atlas
[25Mar2026 22:26:31.631] [Render thread/WARN] [net.minecraft.client.renderer.ShaderInstance/]: Shader rendertype_entity_translucent_emissive could not find sampler named Sampler2 in the specified shader program.
[25Mar2026 22:26:31.719] [Render thread/INFO] [net.neoforged.neoforge.client.entity.animation.json.AnimationLoader/]: Loaded 0 entity animations
[25Mar2026 22:26:31.745] [Render thread/INFO] [Iris/]: Creating pipeline for dimension minecraft:overworld
[25Mar2026 22:26:41.128] [Render thread/INFO] [net.minecraft.world.item.crafting.RecipeManager/]: Loaded 1290 recipes
[25Mar2026 22:26:41.333] [Render thread/INFO] [net.minecraft.advancements.AdvancementTree/]: Loaded 1399 advancements
[25Mar2026 22:26:41.791] [Server thread/INFO] [net.minecraft.client.server.IntegratedServer/]: Starting integrated minecraft server version 1.21.1
[25Mar2026 22:26:41.791] [Server thread/INFO] [net.minecraft.server.MinecraftServer/]: Generating keypair
[25Mar2026 22:26:43.371] [Server thread/INFO] [net.minecraft.server.MinecraftServer/]: Preparing start region for dimension minecraft:overworld
[25Mar2026 22:26:43.634] [Render thread/INFO] [net.minecraft.server.level.progress.LoggerChunkProgressListener/]: Preparando área de aparición: 0%
[25Mar2026 22:26:43.748] [Render thread/INFO] [net.minecraft.server.level.progress.LoggerChunkProgressListener/]: Time elapsed: 376 ms
[25Mar2026 22:26:43.748] [Server thread/INFO] [net.neoforged.neoforge.server.permission.PermissionAPI/]: Successfully initialized permission handler neoforge:default_handler
[25Mar2026 22:26:43.832] [Server thread/INFO] [net.minecraft.client.server.IntegratedServer/]: Changing view distance to 32, from 10
[25Mar2026 22:26:43.832] [Server thread/INFO] [net.minecraft.client.server.IntegratedServer/]: Changing simulation distance to 6, from 0
[25Mar2026 22:26:44.572] [Server thread/INFO] [net.minecraft.server.players.PlayerList/]: Danoskyx[local:E:2685a5ca] logged in with entity id 11 at (154.6301782042407, 64.0, -34.888221999011144)
[25Mar2026 22:26:44.631] [Server thread/INFO] [net.minecraft.server.MinecraftServer/]: Danoskyx se conectó
[25Mar2026 22:26:44.640] [Render thread/INFO] [Iris/]: Reloading pipeline on dimension change: minecraft:overworld => minecraft:overworld
[25Mar2026 22:26:44.640] [Render thread/INFO] [Iris/]: Destroying pipeline minecraft:overworld
[25Mar2026 22:26:44.651] [Render thread/INFO] [Iris/]: Creating pipeline for dimension minecraft:overworld
[25Mar2026 22:26:44.889] [Render thread/INFO] [ChunkBuilder/]: Started 2 worker threads
[25Mar2026 22:26:45.006] [Render thread/INFO] [net.minecraft.advancements.AdvancementTree/]: Loaded 11 advancements
[25Mar2026 22:26:45.082] [Render thread/INFO] [ChunkBuilder/]: Stopping worker threads
[25Mar2026 22:26:45.087] [Render thread/INFO] [ChunkBuilder/]: Started 2 worker threads
[25Mar2026 22:26:45.234] [Render thread/WARN] [net.minecraft.client.renderer.ShaderInstance/]: Shader clouds could not find uniform named ModelViewMat in the specified shader program.
[25Mar2026 22:26:45.234] [Render thread/WARN] [net.minecraft.client.renderer.ShaderInstance/]: Shader clouds could not find uniform named ProjMat in the specified shader program.
[25Mar2026 22:26:45.235] [Render thread/WARN] [net.minecraft.client.renderer.ShaderInstance/]: Shader clouds could not find uniform named ColorModulator in the specified shader program.
[25Mar2026 22:26:45.235] [Render thread/WARN] [net.minecraft.client.renderer.ShaderInstance/]: Shader clouds could not find uniform named FogStart in the specified shader program.
[25Mar2026 22:26:45.235] [Render thread/WARN] [net.minecraft.client.renderer.ShaderInstance/]: Shader clouds could not find uniform named FogEnd in the specified shader program.
[25Mar2026 22:26:45.235] [Render thread/WARN] [net.minecraft.client.renderer.ShaderInstance/]: Shader clouds could not find uniform named FogColor in the specified shader program.
[25Mar2026 22:26:47.563] [Server thread/INFO] [net.minecraft.client.server.IntegratedServer/]: Saving and pausing game...
[25Mar2026 22:26:47.583] [Server thread/INFO] [net.minecraft.server.MinecraftServer/]: Saving chunks for level 'ServerLevel[Mundo nuevo]'/minecraft:overworld
[25Mar2026 22:26:47.596] [Server thread/INFO] [net.minecraft.server.MinecraftServer/]: Saving chunks for level 'ServerLevel[Mundo nuevo]'/minecraft:the_nether
[25Mar2026 22:26:47.596] [Server thread/INFO] [net.minecraft.server.MinecraftServer/]: Saving chunks for level 'ServerLevel[Mundo nuevo]'/minecraft:the_end
[25Mar2026 22:26:50.730] [Render thread/INFO] [Iris/]: Destroying pipeline minecraft:overworld
[25Mar2026 22:26:50.843] [Render thread/WARN] [Iris/]: Unable to resolve shader pack option menu element "BORDER_FOG" defined in shaders.properties
[25Mar2026 22:26:50.844] [Render thread/INFO] [Iris/]: Profile: HIGH (+0 options changed by user)
[25Mar2026 22:26:50.896] [Render thread/INFO] [org.anarres.cpp.DefaultPreprocessorListener/]: null:2296:24: warning: Unexpected nonwhite token
[25Mar2026 22:26:50.897] [Render thread/INFO] [org.anarres.cpp.DefaultPreprocessorListener/]: null:2296:27: warning: Unexpected nonwhite token
[25Mar2026 22:26:51.039] [Render thread/INFO] [org.anarres.cpp.DefaultPreprocessorListener/]: null:3400:15: error: Expected identifier, not 

[25Mar2026 22:26:51.796] [Render thread/INFO] [Iris/]: Using shaderpack: Reverie Beta 2.zip
[25Mar2026 22:26:51.796] [Render thread/INFO] [Iris/]: Creating pipeline for dimension minecraft:overworld
[25Mar2026 22:26:51.807] [Render thread/INFO] [org.anarres.cpp.DefaultPreprocessorListener/]: null:2296:24: warning: Unexpected nonwhite token
[25Mar2026 22:26:51.807] [Render thread/INFO] [org.anarres.cpp.DefaultPreprocessorListener/]: null:2296:27: warning: Unexpected nonwhite token
[25Mar2026 22:26:51.907] [Render thread/INFO] [org.anarres.cpp.DefaultPreprocessorListener/]: null:3400:15: error: Expected identifier, not 

[25Mar2026 22:26:52.795] [Render thread/WARN] [net.irisshaders.iris.gl.shader.ProgramCreator/]: Program link log for composite1: Fragment info
-------------
0(1015) : warning C7050: "CloudColor.xyz" might be used before being initialized

[25Mar2026 22:26:53.003] [Render thread/WARN] [net.irisshaders.iris.gl.shader.ProgramCreator/]: Program link log for composite4: Vertex info
-----------
0(878) : warning C7050: "_Void" might be used before being initialized

[25Mar2026 22:26:55.589] [Render thread/INFO] [ChunkBuilder/]: Stopping worker threads
[25Mar2026 22:26:55.594] [Render thread/INFO] [ChunkBuilder/]: Started 2 worker threads
[25Mar2026 22:26:55.621] [Render thread/INFO] [ChunkBuilder/]: Stopping worker threads
[25Mar2026 22:26:55.624] [Render thread/INFO] [ChunkBuilder/]: Started 2 worker threads
[25Mar2026 22:27:04.850] [Server thread/INFO] [net.minecraft.client.server.IntegratedServer/]: Saving and pausing game...
[25Mar2026 22:27:04.865] [Server thread/INFO] [net.minecraft.server.MinecraftServer/]: Saving chunks for level 'ServerLevel[Mundo nuevo]'/minecraft:overworld
[25Mar2026 22:27:06.138] [Server thread/INFO] [net.minecraft.server.MinecraftServer/]: Saving chunks for level 'ServerLevel[Mundo nuevo]'/minecraft:the_nether
[25Mar2026 22:27:06.139] [Server thread/INFO] [net.minecraft.server.MinecraftServer/]: Saving chunks for level 'ServerLevel[Mundo nuevo]'/minecraft:the_end
[25Mar2026 22:27:08.667] [Server thread/INFO] [net.minecraft.server.network.ServerGamePacketListenerImpl/]: Danoskyx lost connection: Desconectado/a
[25Mar2026 22:27:08.667] [Server thread/INFO] [net.minecraft.server.MinecraftServer/]: Danoskyx se desconectó
[25Mar2026 22:27:08.684] [Server thread/INFO] [net.minecraft.server.network.ServerCommonPacketListenerImpl/]: Stopping singleplayer server as player logged out
[25Mar2026 22:27:08.701] [Server thread/INFO] [net.minecraft.server.MinecraftServer/]: Stopping server
[25Mar2026 22:27:08.702] [Server thread/INFO] [net.minecraft.server.MinecraftServer/]: Saving players
[25Mar2026 22:27:08.702] [Server thread/INFO] [net.minecraft.server.MinecraftServer/]: Saving worlds
[25Mar2026 22:27:09.094] [Server thread/INFO] [net.minecraft.server.MinecraftServer/]: Saving chunks for level 'ServerLevel[Mundo nuevo]'/minecraft:overworld
[25Mar2026 22:27:09.412] [Server thread/INFO] [net.minecraft.server.MinecraftServer/]: Saving chunks for level 'ServerLevel[Mundo nuevo]'/minecraft:the_nether
[25Mar2026 22:27:09.422] [Server thread/INFO] [net.minecraft.server.MinecraftServer/]: Saving chunks for level 'ServerLevel[Mundo nuevo]'/minecraft:the_end
[25Mar2026 22:27:09.440] [Server thread/INFO] [net.minecraft.server.MinecraftServer/]: ThreadedAnvilChunkStorage (Mundo nuevo): All chunks are saved
[25Mar2026 22:27:09.440] [Server thread/INFO] [net.minecraft.server.MinecraftServer/]: ThreadedAnvilChunkStorage (DIM-1): All chunks are saved
[25Mar2026 22:27:09.440] [Server thread/INFO] [net.minecraft.server.MinecraftServer/]: ThreadedAnvilChunkStorage (DIM1): All chunks are saved
[25Mar2026 22:27:09.440] [Server thread/INFO] [net.minecraft.server.MinecraftServer/]: ThreadedAnvilChunkStorage: All dimensions are saved
[25Mar2026 22:27:09.614] [Render thread/INFO] [ChunkBuilder/]: Stopping worker threads
[25Mar2026 22:27:10.385] [Render thread/INFO] [net.minecraft.client.Minecraft/]: Stopping!
